C:\USERS\TB KOMI\DESKTOP\HUNGBIA2\HUNGBIA\GAMESDLDEMO\DEBUG\BASEOBJECT.OBJ
C:\USERS\TB KOMI\DESKTOP\HUNGBIA2\HUNGBIA\GAMESDLDEMO\DEBUG\COMMON_FUNCTION.OBJ
C:\USERS\TB KOMI\DESKTOP\HUNGBIA2\HUNGBIA\GAMESDLDEMO\DEBUG\MAINOBJECT.OBJ
C:\USERS\TB KOMI\DESKTOP\HUNGBIA2\HUNGBIA\GAMESDLDEMO\DEBUG\VC110.PDB
C:\USERS\TB KOMI\DESKTOP\HUNGBIA2\HUNGBIA\GAMESDLDEMO\DEBUG\THREATOBJECT.OBJ
C:\USERS\TB KOMI\DESKTOP\HUNGBIA2\HUNGBIA\GAMESDLDEMO\DEBUG\MAIN.OBJ
C:\USERS\TB KOMI\DESKTOP\HUNGBIA2\HUNGBIA\DEBUG\GAMESDLDEMO.ILK
C:\USERS\TB KOMI\DESKTOP\HUNGBIA2\HUNGBIA\DEBUG\GAMESDLDEMO.EXE
C:\USERS\TB KOMI\DESKTOP\HUNGBIA2\HUNGBIA\DEBUG\GAMESDLDEMO.PDB
C:\Users\TB KOMI\Desktop\HungBia2\HungBia\GameSDLDemo\Debug\BaseObject.obj
C:\Users\TB KOMI\Desktop\HungBia2\HungBia\GameSDLDemo\Debug\Common_Function.obj
C:\Users\TB KOMI\Desktop\HungBia2\HungBia\GameSDLDemo\Debug\MainObject.obj
C:\Users\TB KOMI\Desktop\HungBia2\HungBia\GameSDLDemo\Debug\ThreatObject.obj
C:\Users\TB KOMI\Desktop\HungBia2\HungBia\GameSDLDemo\Debug\cl.command.1.tlog
C:\Users\TB KOMI\Desktop\HungBia2\HungBia\GameSDLDemo\Debug\CL.read.1.tlog
C:\Users\TB KOMI\Desktop\HungBia2\HungBia\GameSDLDemo\Debug\CL.write.1.tlog
C:\Users\TB KOMI\Desktop\HungBia2\HungBia\GameSDLDemo\Debug\link-cvtres.read.1.tlog
C:\Users\TB KOMI\Desktop\HungBia2\HungBia\GameSDLDemo\Debug\link-cvtres.write.1.tlog
C:\Users\TB KOMI\Desktop\HungBia2\HungBia\GameSDLDemo\Debug\link-rc.read.1.tlog
C:\Users\TB KOMI\Desktop\HungBia2\HungBia\GameSDLDemo\Debug\link-rc.write.1.tlog
C:\Users\TB KOMI\Desktop\HungBia2\HungBia\GameSDLDemo\Debug\link.command.1.tlog
C:\Users\TB KOMI\Desktop\HungBia2\HungBia\GameSDLDemo\Debug\link.read.1.tlog
C:\Users\TB KOMI\Desktop\HungBia2\HungBia\GameSDLDemo\Debug\link.write.1.tlog
C:\Users\TB KOMI\Desktop\HungBia2\HungBia\GameSDLDemo\Debug\vc110.idb
C:\Users\TB KOMI\Desktop\HungBia2\HungBia\GameSDLDemo\Debug\vc110.pdb
C:\Users\TB KOMI\Desktop\HungBia2\HungBia\Debug\GameSDLDemo.pdb
C:\Users\TB KOMI\Desktop\HungBia2\HungBia\Debug\GameSDLDemo.exe
C:\Users\TB KOMI\Desktop\HungBia2\HungBia\Debug\GameSDLDemo.ilk
