C:\USERS\TB KOMI\DESKTOP\HUNGBIA2\GAMESDLDEMO\GAMESDLDEMO\DEBUG\AMOOBJECT.OBJ
C:\USERS\TB KOMI\DESKTOP\HUNGBIA2\GAMESDLDEMO\GAMESDLDEMO\DEBUG\BASEOBJECT.OBJ
C:\USERS\TB KOMI\DESKTOP\HUNGBIA2\GAMESDLDEMO\GAMESDLDEMO\DEBUG\COMMON_FUNCTION.OBJ
C:\USERS\TB KOMI\DESKTOP\HUNGBIA2\GAMESDLDEMO\GAMESDLDEMO\DEBUG\MAIN.OBJ
C:\USERS\TB KOMI\DESKTOP\HUNGBIA2\GAMESDLDEMO\GAMESDLDEMO\DEBUG\MAINOBJECT.OBJ
C:\USERS\TB KOMI\DESKTOP\HUNGBIA2\GAMESDLDEMO\GAMESDLDEMO\DEBUG\VC110.PDB
C:\USERS\TB KOMI\DESKTOP\HUNGBIA2\GAMESDLDEMO\GAMESDLDEMO\DEBUG\THREATOBJECT.OBJ
C:\USERS\TB KOMI\DESKTOP\HUNGBIA2\GAMESDLDEMO\DEBUG\GAMESDLDEMO.ILK
C:\USERS\TB KOMI\DESKTOP\HUNGBIA2\GAMESDLDEMO\DEBUG\GAMESDLDEMO.EXE
C:\USERS\TB KOMI\DESKTOP\HUNGBIA2\GAMESDLDEMO\DEBUG\GAMESDLDEMO.PDB
C:\Users\TB KOMI\Desktop\HungBia2\GameSDLDemo\GameSDLDemo\Debug\AmoObject.obj
C:\Users\TB KOMI\Desktop\HungBia2\GameSDLDemo\GameSDLDemo\Debug\BaseObject.obj
C:\Users\TB KOMI\Desktop\HungBia2\GameSDLDemo\GameSDLDemo\Debug\Common_Function.obj
C:\Users\TB KOMI\Desktop\HungBia2\GameSDLDemo\GameSDLDemo\Debug\main.obj
C:\Users\TB KOMI\Desktop\HungBia2\GameSDLDemo\GameSDLDemo\Debug\MainObject.obj
C:\Users\TB KOMI\Desktop\HungBia2\GameSDLDemo\GameSDLDemo\Debug\ThreatObject.obj
C:\Users\TB KOMI\Desktop\HungBia2\GameSDLDemo\GameSDLDemo\Debug\cl.command.1.tlog
C:\Users\TB KOMI\Desktop\HungBia2\GameSDLDemo\GameSDLDemo\Debug\CL.read.1.tlog
C:\Users\TB KOMI\Desktop\HungBia2\GameSDLDemo\GameSDLDemo\Debug\CL.write.1.tlog
C:\Users\TB KOMI\Desktop\HungBia2\GameSDLDemo\GameSDLDemo\Debug\link-cvtres.read.1.tlog
C:\Users\TB KOMI\Desktop\HungBia2\GameSDLDemo\GameSDLDemo\Debug\link-cvtres.write.1.tlog
C:\Users\TB KOMI\Desktop\HungBia2\GameSDLDemo\GameSDLDemo\Debug\link-rc.read.1.tlog
C:\Users\TB KOMI\Desktop\HungBia2\GameSDLDemo\GameSDLDemo\Debug\link-rc.write.1.tlog
C:\Users\TB KOMI\Desktop\HungBia2\GameSDLDemo\GameSDLDemo\Debug\link.2404-cvtres.read.1.tlog
C:\Users\TB KOMI\Desktop\HungBia2\GameSDLDemo\GameSDLDemo\Debug\link.2404-cvtres.write.1.tlog
C:\Users\TB KOMI\Desktop\HungBia2\GameSDLDemo\GameSDLDemo\Debug\link.2404-rc.read.1.tlog
C:\Users\TB KOMI\Desktop\HungBia2\GameSDLDemo\GameSDLDemo\Debug\link.2404-rc.write.1.tlog
C:\Users\TB KOMI\Desktop\HungBia2\GameSDLDemo\GameSDLDemo\Debug\link.2404.read.1.tlog
C:\Users\TB KOMI\Desktop\HungBia2\GameSDLDemo\GameSDLDemo\Debug\link.2404.write.1.tlog
C:\Users\TB KOMI\Desktop\HungBia2\GameSDLDemo\GameSDLDemo\Debug\link.452-cvtres.read.1.tlog
C:\Users\TB KOMI\Desktop\HungBia2\GameSDLDemo\GameSDLDemo\Debug\link.452-cvtres.write.1.tlog
C:\Users\TB KOMI\Desktop\HungBia2\GameSDLDemo\GameSDLDemo\Debug\link.452-rc.read.1.tlog
C:\Users\TB KOMI\Desktop\HungBia2\GameSDLDemo\GameSDLDemo\Debug\link.452-rc.write.1.tlog
C:\Users\TB KOMI\Desktop\HungBia2\GameSDLDemo\GameSDLDemo\Debug\link.452.read.1.tlog
C:\Users\TB KOMI\Desktop\HungBia2\GameSDLDemo\GameSDLDemo\Debug\link.452.write.1.tlog
C:\Users\TB KOMI\Desktop\HungBia2\GameSDLDemo\GameSDLDemo\Debug\link.6676-cvtres.read.1.tlog
C:\Users\TB KOMI\Desktop\HungBia2\GameSDLDemo\GameSDLDemo\Debug\link.6676-cvtres.write.1.tlog
C:\Users\TB KOMI\Desktop\HungBia2\GameSDLDemo\GameSDLDemo\Debug\link.6676-rc.read.1.tlog
C:\Users\TB KOMI\Desktop\HungBia2\GameSDLDemo\GameSDLDemo\Debug\link.6676-rc.write.1.tlog
C:\Users\TB KOMI\Desktop\HungBia2\GameSDLDemo\GameSDLDemo\Debug\link.6676.read.1.tlog
C:\Users\TB KOMI\Desktop\HungBia2\GameSDLDemo\GameSDLDemo\Debug\link.6676.write.1.tlog
C:\Users\TB KOMI\Desktop\HungBia2\GameSDLDemo\GameSDLDemo\Debug\link.command.1.tlog
C:\Users\TB KOMI\Desktop\HungBia2\GameSDLDemo\GameSDLDemo\Debug\link.read.1.tlog
C:\Users\TB KOMI\Desktop\HungBia2\GameSDLDemo\GameSDLDemo\Debug\link.write.1.tlog
C:\Users\TB KOMI\Desktop\HungBia2\GameSDLDemo\GameSDLDemo\Debug\vc110.idb
C:\Users\TB KOMI\Desktop\HungBia2\GameSDLDemo\GameSDLDemo\Debug\vc110.pdb
C:\Users\TB KOMI\Desktop\HungBia2\GameSDLDemo\Debug\GameSDLDemo.pdb
C:\Users\TB KOMI\Desktop\HungBia2\GameSDLDemo\Debug\GameSDLDemo.exe
C:\Users\TB KOMI\Desktop\HungBia2\GameSDLDemo\Debug\GameSDLDemo.ilk
