Build started 4/12/2018 7:52:02 PM.
     1>Project "C:\Users\TB KOMI\Documents\gameltnc\HungBia\GameSDLDemo\GameSDLDemo.vcxproj" on node 2 (Build target(s)).
     1>ClCompile:
         D:\Microsoft Visual Studio\VC\bin\CL.exe /c /ZI /nologo /W3 /WX- /sdl /Od /Oy- /D WIN32 /D _DEBUG /D _CONSOLE /D _UNICODE /D UNICODE /Gm /EHsc /RTC1 /MDd /GS /fp:precise /Zc:wchar_t /Zc:forScope /Fo"Debug\\" /Fd"Debug\vc110.pdb" /Gd /TP /analyze- /errorReport:prompt BaseObject.cpp Common_Function.cpp main.cpp MainObject.cpp ThreatObject.cpp
         ThreatObject.cpp
     1>c:\users\tb komi\documents\gameltnc\hungbia\gamesdldemo\threatobject.cpp(23): warning C4244: '=' : conversion from 'double' to 'int', possible loss of data
         MainObject.cpp
         main.cpp
     1>c:\users\tb komi\documents\gameltnc\hungbia\gamesdldemo\main.cpp(52): warning C4244: '=' : conversion from 'double' to 'int', possible loss of data
         Common_Function.cpp
         BaseObject.cpp
         Generating Code...
       Link:
         D:\Microsoft Visual Studio\VC\bin\link.exe /ERRORREPORT:PROMPT /OUT:"C:\Users\TB KOMI\Documents\gameltnc\HungBia\Debug\GameSDLDemo.exe" /INCREMENTAL /NOLOGO SDL.lib SDLMain.lib SDL_image.lib SDL_mixer.lib SDL_ttf.lib kernel32.lib user32.lib gdi32.lib winspool.lib comdlg32.lib advapi32.lib shell32.lib ole32.lib oleaut32.lib uuid.lib odbc32.lib odbccp32.lib /MANIFEST /MANIFESTUAC:"level='asInvoker' uiAccess='false'" /manifest:embed /DEBUG /PDB:"C:\Users\TB KOMI\Documents\gameltnc\HungBia\Debug\GameSDLDemo.pdb" /SUBSYSTEM:WINDOWS /TLBID:1 /DYNAMICBASE /NXCOMPAT /IMPLIB:"C:\Users\TB KOMI\Documents\gameltnc\HungBia\Debug\GameSDLDemo.lib" /MACHINE:X86 Debug\BaseObject.obj
         Debug\Common_Function.obj
         Debug\main.obj
         Debug\MainObject.obj
         Debug\ThreatObject.obj
     1>MSVCRTD.lib(cinitexe.obj) : warning LNK4098: defaultlib 'msvcrt.lib' conflicts with use of other libs; use /NODEFAULTLIB:library
         GameSDLDemo.vcxproj -> C:\Users\TB KOMI\Documents\gameltnc\HungBia\Debug\GameSDLDemo.exe
     1>Done Building Project "C:\Users\TB KOMI\Documents\gameltnc\HungBia\GameSDLDemo\GameSDLDemo.vcxproj" (Build target(s)).

Build succeeded.

Time Elapsed 00:00:08.08
